C51 COMPILER V9.60.7.0   TIMER                                                             12/21/2023 01:17:42 PAGE 1   


C51 COMPILER V9.60.7.0, COMPILATION OF MODULE TIMER
OBJECT MODULE PLACED IN .\Objects\Timer.obj
COMPILER INVOKED BY: D:\DevPrograms\Keil_v5\C51\BIN\C51.EXE Timer.c OPTIMIZE(8,SPEED) BROWSE DEBUG OBJECTEXTEND PRINT(.\
                    -Listings\Timer.lst) OBJECT(.\Objects\Timer.obj)

line level    source

   1          #include <REGX52.H>
   2          
   3          /**
   4            * @brief  定时器0初始化，1毫秒@12.000MHz
   5            * @param  无
   6            * @retval 无
   7            */
   8          void Timer0Init(){
   9   1              TMOD &= 0xF0;           //设置定时器模式
  10   1              TMOD |= 0x01;           //设置定时器模式
  11   1              TL0 = 0x66;                     //设置定时初值
  12   1              TH0 = 0xFC;                     //设置定时初值
  13   1              TF0 = 0;
  14   1              TR0 = 0;
  15   1              ET0 = 1;
  16   1              EA = 1;
  17   1              PT0 = 0;
  18   1      }
  19          
  20          void Timer1Init(void)           //1000微秒@11.0592MHz
  21          {
  22   1              TMOD &= 0x0F;           //设置定时器模式
  23   1              TMOD |= 0x10;           //设置定时器模式
  24   1              TL1 = 0x66;                     //设置定时初值
  25   1              TH1 = 0xFC;                     //设置定时初值
  26   1              TF1 = 0;                        //清除TF1标志
  27   1              TR1 = 0;                        //定时器1开始计时
  28   1              ET1 = 1;
  29   1              EA = 1;
  30   1              PT1 = 0;
  31   1      }
  32          
  33          /*定时器中断函数模板
  34          void Timer0_Routine() interrupt 1
  35          {
  36                  static unsigned int T0Count;
  37                  TL0 = 0x18;             //设置定时初值
  38                  TH0 = 0xFC;             //设置定时初值
  39                  T0Count++;
  40                  if(T0Count>=1000)
  41                  {
  42                          T0Count=0;
  43                          
  44                  }
  45          }
  46          */


MODULE INFORMATION:   STATIC OVERLAYABLE
   CODE SIZE        =     46    ----
   CONSTANT SIZE    =   ----    ----
   XDATA SIZE       =   ----    ----
   PDATA SIZE       =   ----    ----
   DATA SIZE        =   ----    ----
C51 COMPILER V9.60.7.0   TIMER                                                             12/21/2023 01:17:42 PAGE 2   

   IDATA SIZE       =   ----    ----
   BIT SIZE         =   ----    ----
END OF MODULE INFORMATION.


C51 COMPILATION COMPLETE.  0 WARNING(S),  0 ERROR(S)
